1707586752638:init
1707586780477:init 10 20 30
1707586966060:i 12 12 12
1707587080776:i -big 10 -small 20 -medim 30
1707587099156:i --big 10 --small 20 --medim 30
1707587139314:i --big 10 --medim 20 --small 30
1707587179163:i --big 10 --medium 20 --small 30
1707587725220:i --b 10 --m 20 --s 30
1707588359851:i --b 12 --m 12 --s 9
1707588379036:a big
1707588397906:a 1
1707588408201:a 2
1707588411418:a 3
1707588414000:a5
1707588417410:a 5
1707588473550:a --carType 1
1707588517408:i --b 1 --m 1 --s 1
1707588532882:a carType 1
1707588542732:a --carType 1
1707588562937:a --carType 2
1707589376173:i --b 2 --m 1 --s 1
1707589390214:a --1 1
1707589402707:a --1
1707589410725:a 1
1707589428131:a 2
1707589506699:a --carType 1
